2015-11-06 02:22:12 Error: [Cake\View\Exception\MissingTemplateException] Template file "Articles\view.ctp" is missing.
Exception Attributes: array (
  'file' => 'Articles\\view.ctp',
)
Request URL: /cakephp/articles/view/1
Stack Trace:
#0 C:\wamp\www\cakephp\vendor\cakephp\cakephp\src\View\View.php(575): Cake\View\View->_getViewFileName(NULL)
#1 C:\wamp\www\cakephp\vendor\cakephp\cakephp\src\Controller\Controller.php(611): Cake\View\View->render(NULL, NULL)
#2 C:\wamp\www\cakephp\vendor\cakephp\cakephp\src\Routing\Dispatcher.php(120): Cake\Controller\Controller->render()
#3 C:\wamp\www\cakephp\vendor\cakephp\cakephp\src\Routing\Dispatcher.php(87): Cake\Routing\Dispatcher->_invoke(Object(App\Controller\ArticlesController))
#4 C:\wamp\www\cakephp\webroot\index.php(37): Cake\Routing\Dispatcher->dispatch(Object(Cake\Network\Request), Object(Cake\Network\Response))
#5 {main}


2015-11-06 02:24:47 Error: [Cake\View\Exception\MissingTemplateException] Template file "Articles\view.ctp" is missing.
Exception Attributes: array (
  'file' => 'Articles\\view.ctp',
)
Request URL: /cakephp/articles/view/1
Stack Trace:
#0 C:\wamp\www\cakephp\vendor\cakephp\cakephp\src\View\View.php(575): Cake\View\View->_getViewFileName(NULL)
#1 C:\wamp\www\cakephp\vendor\cakephp\cakephp\src\Controller\Controller.php(611): Cake\View\View->render(NULL, NULL)
#2 C:\wamp\www\cakephp\vendor\cakephp\cakephp\src\Routing\Dispatcher.php(120): Cake\Controller\Controller->render()
#3 C:\wamp\www\cakephp\vendor\cakephp\cakephp\src\Routing\Dispatcher.php(87): Cake\Routing\Dispatcher->_invoke(Object(App\Controller\ArticlesController))
#4 C:\wamp\www\cakephp\webroot\index.php(37): Cake\Routing\Dispatcher->dispatch(Object(Cake\Network\Request), Object(Cake\Network\Response))
#5 {main}


2015-11-06 02:24:58 Error: [Cake\View\Exception\MissingTemplateException] Template file "Articles\view.ctp" is missing.
Exception Attributes: array (
  'file' => 'Articles\\view.ctp',
)
Request URL: /cakephp/articles/view/2
Stack Trace:
#0 C:\wamp\www\cakephp\vendor\cakephp\cakephp\src\View\View.php(575): Cake\View\View->_getViewFileName(NULL)
#1 C:\wamp\www\cakephp\vendor\cakephp\cakephp\src\Controller\Controller.php(611): Cake\View\View->render(NULL, NULL)
#2 C:\wamp\www\cakephp\vendor\cakephp\cakephp\src\Routing\Dispatcher.php(120): Cake\Controller\Controller->render()
#3 C:\wamp\www\cakephp\vendor\cakephp\cakephp\src\Routing\Dispatcher.php(87): Cake\Routing\Dispatcher->_invoke(Object(App\Controller\ArticlesController))
#4 C:\wamp\www\cakephp\webroot\index.php(37): Cake\Routing\Dispatcher->dispatch(Object(Cake\Network\Request), Object(Cake\Network\Response))
#5 {main}


2015-11-06 02:42:30 Error: Fatal Error (1): Call to a member function format() on a non-object in [C:\wamp\www\cakephp\src\Template\Articles\index.ctp, line 20]
Trace:
Cake\Error\BaseErrorHandler::handleFatalError() - CORE\src\Error\BaseErrorHandler.php, line 191
Cake\Error\BaseErrorHandler::Cake\Error\{closure}() - CORE\src\Error\BaseErrorHandler.php, line 90
[main] - [internal], line ??



2015-11-06 02:42:31 Error: [Cake\Error\FatalErrorException] Call to a member function format() on a non-object
Request URL: /cakephp/
Stack Trace:
#0 C:\wamp\www\cakephp\vendor\cakephp\cakephp\src\Error\BaseErrorHandler.php(90): Cake\Error\BaseErrorHandler->handleFatalError(1, 'Call to a membe...', 'C:\\wamp\\www\\cak...', 20)
#1 [internal function]: Cake\Error\BaseErrorHandler->Cake\Error\{closure}()
#2 {main}


2015-11-06 02:42:56 Error: Fatal Error (1): Call to a member function format() on a non-object in [C:\wamp\www\cakephp\src\Template\Articles\index.ctp, line 20]
Trace:
Cake\Error\BaseErrorHandler::handleFatalError() - CORE\src\Error\BaseErrorHandler.php, line 191
Cake\Error\BaseErrorHandler::Cake\Error\{closure}() - CORE\src\Error\BaseErrorHandler.php, line 90
[main] - [internal], line ??



2015-11-06 02:43:18 Error: Fatal Error (1): Call to a member function format() on a non-object in [C:\wamp\www\cakephp\src\Template\Articles\index.ctp, line 20]
Trace:
Cake\Error\BaseErrorHandler::handleFatalError() - CORE\src\Error\BaseErrorHandler.php, line 191
Cake\Error\BaseErrorHandler::Cake\Error\{closure}() - CORE\src\Error\BaseErrorHandler.php, line 90
[main] - [internal], line ??



2015-11-06 02:43:18 Error: [Cake\Error\FatalErrorException] Call to a member function format() on a non-object
Request URL: /cakephp/articles/index
Stack Trace:
#0 C:\wamp\www\cakephp\vendor\cakephp\cakephp\src\Error\BaseErrorHandler.php(90): Cake\Error\BaseErrorHandler->handleFatalError(1, 'Call to a membe...', 'C:\\wamp\\www\\cak...', 20)
#1 [internal function]: Cake\Error\BaseErrorHandler->Cake\Error\{closure}()
#2 {main}


2015-11-06 02:43:45 Error: Fatal Error (1): Call to a member function format() on a non-object in [C:\wamp\www\cakephp\src\Template\Articles\index.ctp, line 20]
Trace:
Cake\Error\BaseErrorHandler::handleFatalError() - CORE\src\Error\BaseErrorHandler.php, line 191
Cake\Error\BaseErrorHandler::Cake\Error\{closure}() - CORE\src\Error\BaseErrorHandler.php, line 90
[main] - [internal], line ??



2015-11-06 02:43:46 Error: [Cake\Error\FatalErrorException] Call to a member function format() on a non-object
Request URL: /cakephp/articles/index
Stack Trace:
#0 C:\wamp\www\cakephp\vendor\cakephp\cakephp\src\Error\BaseErrorHandler.php(90): Cake\Error\BaseErrorHandler->handleFatalError(1, 'Call to a membe...', 'C:\\wamp\\www\\cak...', 20)
#1 [internal function]: Cake\Error\BaseErrorHandler->Cake\Error\{closure}()
#2 {main}


2015-11-06 02:44:02 Error: [Cake\Routing\Exception\MissingControllerException] Controller class Index could not be found.
Exception Attributes: array (
  'class' => 'Index',
  'plugin' => NULL,
  'prefix' => NULL,
  '_ext' => NULL,
)
Request URL: /cakephp/index
Stack Trace:
#0 C:\wamp\www\cakephp\webroot\index.php(37): Cake\Routing\Dispatcher->dispatch(Object(Cake\Network\Request), Object(Cake\Network\Response))
#1 {main}


2015-11-06 02:44:47 Error: Fatal Error (1): Call to a member function format() on a non-object in [C:\wamp\www\cakephp\src\Template\Articles\index.ctp, line 20]
Trace:
Cake\Error\BaseErrorHandler::handleFatalError() - CORE\src\Error\BaseErrorHandler.php, line 191
Cake\Error\BaseErrorHandler::Cake\Error\{closure}() - CORE\src\Error\BaseErrorHandler.php, line 90
[main] - [internal], line ??



2015-11-06 02:44:47 Error: [Cake\Error\FatalErrorException] Call to a member function format() on a non-object
Request URL: /cakephp/articles/index
Stack Trace:
#0 C:\wamp\www\cakephp\vendor\cakephp\cakephp\src\Error\BaseErrorHandler.php(90): Cake\Error\BaseErrorHandler->handleFatalError(1, 'Call to a membe...', 'C:\\wamp\\www\\cak...', 20)
#1 [internal function]: Cake\Error\BaseErrorHandler->Cake\Error\{closure}()
#2 {main}


2015-11-06 02:46:12 Error: [Cake\Datasource\Exception\InvalidPrimaryKeyException] Record not found in table "articles" with primary key [NULL]
Request URL: /cakephp/articles/view
Stack Trace:
#0 C:\wamp\www\cakephp\src\Controller\ArticlesController.php(36): Cake\ORM\Table->get(NULL, Array)
#1 [internal function]: App\Controller\ArticlesController->view()
#2 C:\wamp\www\cakephp\vendor\cakephp\cakephp\src\Controller\Controller.php(429): call_user_func_array(Array, Array)
#3 C:\wamp\www\cakephp\vendor\cakephp\cakephp\src\Routing\Dispatcher.php(114): Cake\Controller\Controller->invokeAction()
#4 C:\wamp\www\cakephp\vendor\cakephp\cakephp\src\Routing\Dispatcher.php(87): Cake\Routing\Dispatcher->_invoke(Object(App\Controller\ArticlesController))
#5 C:\wamp\www\cakephp\webroot\index.php(37): Cake\Routing\Dispatcher->dispatch(Object(Cake\Network\Request), Object(Cake\Network\Response))
#6 {main}


2015-11-06 02:46:20 Error: Fatal Error (1): Call to a member function format() on a non-object in [C:\wamp\www\cakephp\src\Template\Articles\index.ctp, line 20]
Trace:
Cake\Error\BaseErrorHandler::handleFatalError() - CORE\src\Error\BaseErrorHandler.php, line 191
Cake\Error\BaseErrorHandler::Cake\Error\{closure}() - CORE\src\Error\BaseErrorHandler.php, line 90
[main] - [internal], line ??



2015-11-06 02:46:23 Error: Fatal Error (1): Call to a member function format() on a non-object in [C:\wamp\www\cakephp\src\Template\Articles\index.ctp, line 20]
Trace:
Cake\Error\BaseErrorHandler::handleFatalError() - CORE\src\Error\BaseErrorHandler.php, line 191
Cake\Error\BaseErrorHandler::Cake\Error\{closure}() - CORE\src\Error\BaseErrorHandler.php, line 90
[main] - [internal], line ??



2015-11-06 02:46:23 Error: [Cake\Error\FatalErrorException] Call to a member function format() on a non-object
Request URL: /cakephp/articles/index
Stack Trace:
#0 C:\wamp\www\cakephp\vendor\cakephp\cakephp\src\Error\BaseErrorHandler.php(90): Cake\Error\BaseErrorHandler->handleFatalError(1, 'Call to a membe...', 'C:\\wamp\\www\\cak...', 20)
#1 [internal function]: Cake\Error\BaseErrorHandler->Cake\Error\{closure}()
#2 {main}


2015-11-06 02:47:57 Error: Fatal Error (1): Call to a member function format() on a non-object in [C:\wamp\www\cakephp\src\Template\Articles\index.ctp, line 20]
Trace:
Cake\Error\BaseErrorHandler::handleFatalError() - CORE\src\Error\BaseErrorHandler.php, line 191
Cake\Error\BaseErrorHandler::Cake\Error\{closure}() - CORE\src\Error\BaseErrorHandler.php, line 90
[main] - [internal], line ??



2015-11-06 02:48:00 Error: Fatal Error (1): Call to a member function format() on a non-object in [C:\wamp\www\cakephp\src\Template\Articles\index.ctp, line 20]
Trace:
Cake\Error\BaseErrorHandler::handleFatalError() - CORE\src\Error\BaseErrorHandler.php, line 191
Cake\Error\BaseErrorHandler::Cake\Error\{closure}() - CORE\src\Error\BaseErrorHandler.php, line 90
[main] - [internal], line ??



2015-11-06 02:48:00 Error: [Cake\Error\FatalErrorException] Call to a member function format() on a non-object
Request URL: /cakephp/articles/index
Stack Trace:
#0 C:\wamp\www\cakephp\vendor\cakephp\cakephp\src\Error\BaseErrorHandler.php(90): Cake\Error\BaseErrorHandler->handleFatalError(1, 'Call to a membe...', 'C:\\wamp\\www\\cak...', 20)
#1 [internal function]: Cake\Error\BaseErrorHandler->Cake\Error\{closure}()
#2 {main}


2015-11-06 02:54:22 Error: [Cake\Controller\Exception\MissingActionException] Action ArticlesController::index.ctp() could not be found, or is not accessible.
Exception Attributes: array (
  'controller' => 'ArticlesController',
  'action' => 'index.ctp',
  'prefix' => '',
  'plugin' => NULL,
)
Request URL: /cakephp/articles/index.ctp
Stack Trace:
#0 C:\wamp\www\cakephp\vendor\cakephp\cakephp\src\Routing\Dispatcher.php(114): Cake\Controller\Controller->invokeAction()
#1 C:\wamp\www\cakephp\vendor\cakephp\cakephp\src\Routing\Dispatcher.php(87): Cake\Routing\Dispatcher->_invoke(Object(App\Controller\ArticlesController))
#2 C:\wamp\www\cakephp\webroot\index.php(37): Cake\Routing\Dispatcher->dispatch(Object(Cake\Network\Request), Object(Cake\Network\Response))
#3 {main}


2015-11-06 02:54:37 Error: Fatal Error (1): Call to a member function format() on a non-object in [C:\wamp\www\cakephp\src\Template\Articles\index.ctp, line 20]
Trace:
Cake\Error\BaseErrorHandler::handleFatalError() - CORE\src\Error\BaseErrorHandler.php, line 191
Cake\Error\BaseErrorHandler::Cake\Error\{closure}() - CORE\src\Error\BaseErrorHandler.php, line 90
[main] - [internal], line ??



2015-11-06 02:54:39 Error: Fatal Error (1): Call to a member function format() on a non-object in [C:\wamp\www\cakephp\src\Template\Articles\index.ctp, line 20]
Trace:
Cake\Error\BaseErrorHandler::handleFatalError() - CORE\src\Error\BaseErrorHandler.php, line 191
Cake\Error\BaseErrorHandler::Cake\Error\{closure}() - CORE\src\Error\BaseErrorHandler.php, line 90
[main] - [internal], line ??



2015-11-06 02:54:40 Error: [Cake\Error\FatalErrorException] Call to a member function format() on a non-object
Request URL: /cakephp/articles/index
Stack Trace:
#0 C:\wamp\www\cakephp\vendor\cakephp\cakephp\src\Error\BaseErrorHandler.php(90): Cake\Error\BaseErrorHandler->handleFatalError(1, 'Call to a membe...', 'C:\\wamp\\www\\cak...', 20)
#1 [internal function]: Cake\Error\BaseErrorHandler->Cake\Error\{closure}()
#2 {main}


2015-11-06 02:55:44 Error: Fatal Error (1): Call to a member function format() on a non-object in [C:\wamp\www\cakephp\src\Template\Articles\index.ctp, line 18]
Trace:
Cake\Error\BaseErrorHandler::handleFatalError() - CORE\src\Error\BaseErrorHandler.php, line 191
Cake\Error\BaseErrorHandler::Cake\Error\{closure}() - CORE\src\Error\BaseErrorHandler.php, line 90
[main] - [internal], line ??



2015-11-06 02:55:45 Error: [Cake\Error\FatalErrorException] Call to a member function format() on a non-object
Request URL: /cakephp/articles/index
Stack Trace:
#0 C:\wamp\www\cakephp\vendor\cakephp\cakephp\src\Error\BaseErrorHandler.php(90): Cake\Error\BaseErrorHandler->handleFatalError(1, 'Call to a membe...', 'C:\\wamp\\www\\cak...', 18)
#1 [internal function]: Cake\Error\BaseErrorHandler->Cake\Error\{closure}()
#2 {main}


2015-11-06 17:25:21 Error: Fatal Error (1): Call to a member function format() on a non-object in [C:\wamp\www\cakephp\src\Template\Articles\index.ctp, line 18]
Trace:
Cake\Error\BaseErrorHandler::handleFatalError() - CORE\src\Error\BaseErrorHandler.php, line 191
Cake\Error\BaseErrorHandler::Cake\Error\{closure}() - CORE\src\Error\BaseErrorHandler.php, line 90
[main] - [internal], line ??



2015-11-06 17:25:21 Error: [Cake\Error\FatalErrorException] Call to a member function format() on a non-object
Request URL: /cakephp/articles/index
Stack Trace:
#0 C:\wamp\www\cakephp\vendor\cakephp\cakephp\src\Error\BaseErrorHandler.php(90): Cake\Error\BaseErrorHandler->handleFatalError(1, 'Call to a membe...', 'C:\\wamp\\www\\cak...', 18)
#1 [internal function]: Cake\Error\BaseErrorHandler->Cake\Error\{closure}()
#2 {main}


2015-11-06 19:10:38 Error: Fatal Error (1): Call to a member function format() on a non-object in [C:\wamp\www\cakephp\src\Template\Articles\index.ctp, line 18]
Trace:
Cake\Error\BaseErrorHandler::handleFatalError() - CORE\src\Error\BaseErrorHandler.php, line 191
Cake\Error\BaseErrorHandler::Cake\Error\{closure}() - CORE\src\Error\BaseErrorHandler.php, line 90
[main] - [internal], line ??



2015-11-06 19:10:39 Error: [Cake\Error\FatalErrorException] Call to a member function format() on a non-object
Request URL: /cakephp/articles/index
Stack Trace:
#0 C:\wamp\www\cakephp\vendor\cakephp\cakephp\src\Error\BaseErrorHandler.php(90): Cake\Error\BaseErrorHandler->handleFatalError(1, 'Call to a membe...', 'C:\\wamp\\www\\cak...', 18)
#1 [internal function]: Cake\Error\BaseErrorHandler->Cake\Error\{closure}()
#2 {main}


2015-11-13 20:09:14 Error: Fatal Error (1): Call to a member function format() on a non-object in [C:\wamp\www\cakephp\src\Template\Articles\index.ctp, line 18]
Trace:
Cake\Error\BaseErrorHandler::handleFatalError() - CORE\src\Error\BaseErrorHandler.php, line 191
Cake\Error\BaseErrorHandler::Cake\Error\{closure}() - CORE\src\Error\BaseErrorHandler.php, line 90
[main] - [internal], line ??



2015-11-13 20:09:15 Error: [Cake\Error\FatalErrorException] Call to a member function format() on a non-object
Request URL: /cakephp/articles/index
Stack Trace:
#0 C:\wamp\www\cakephp\vendor\cakephp\cakephp\src\Error\BaseErrorHandler.php(90): Cake\Error\BaseErrorHandler->handleFatalError(1, 'Call to a membe...', 'C:\\wamp\\www\\cak...', 18)
#1 [internal function]: Cake\Error\BaseErrorHandler->Cake\Error\{closure}()
#2 {main}


2015-11-13 20:09:24 Error: Fatal Error (1): Call to a member function format() on a non-object in [C:\wamp\www\cakephp\src\Template\Articles\index.ctp, line 18]
Trace:
Cake\Error\BaseErrorHandler::handleFatalError() - CORE\src\Error\BaseErrorHandler.php, line 191
Cake\Error\BaseErrorHandler::Cake\Error\{closure}() - CORE\src\Error\BaseErrorHandler.php, line 90
[main] - [internal], line ??



2015-11-13 20:09:24 Error: [Cake\Error\FatalErrorException] Call to a member function format() on a non-object
Request URL: /cakephp/articles
Stack Trace:
#0 C:\wamp\www\cakephp\vendor\cakephp\cakephp\src\Error\BaseErrorHandler.php(90): Cake\Error\BaseErrorHandler->handleFatalError(1, 'Call to a membe...', 'C:\\wamp\\www\\cak...', 18)
#1 [internal function]: Cake\Error\BaseErrorHandler->Cake\Error\{closure}()
#2 {main}


2015-11-13 20:10:21 Error: Fatal Error (1): Call to a member function format() on a non-object in [C:\wamp\www\cakephp\src\Template\Articles\index.ctp, line 18]
Trace:
Cake\Error\BaseErrorHandler::handleFatalError() - CORE\src\Error\BaseErrorHandler.php, line 191
Cake\Error\BaseErrorHandler::Cake\Error\{closure}() - CORE\src\Error\BaseErrorHandler.php, line 90
[main] - [internal], line ??



2015-11-13 20:10:22 Error: [Cake\Error\FatalErrorException] Call to a member function format() on a non-object
Request URL: /cakephp/articles/index
Stack Trace:
#0 C:\wamp\www\cakephp\vendor\cakephp\cakephp\src\Error\BaseErrorHandler.php(90): Cake\Error\BaseErrorHandler->handleFatalError(1, 'Call to a membe...', 'C:\\wamp\\www\\cak...', 18)
#1 [internal function]: Cake\Error\BaseErrorHandler->Cake\Error\{closure}()
#2 {main}


2015-11-13 20:10:42 Error: Fatal Error (1): Call to a member function format() on a non-object in [C:\wamp\www\cakephp\src\Template\Articles\index.ctp, line 18]
Trace:
Cake\Error\BaseErrorHandler::handleFatalError() - CORE\src\Error\BaseErrorHandler.php, line 191
Cake\Error\BaseErrorHandler::Cake\Error\{closure}() - CORE\src\Error\BaseErrorHandler.php, line 90
[main] - [internal], line ??



2015-11-13 20:10:42 Error: [Cake\Error\FatalErrorException] Call to a member function format() on a non-object
Request URL: /cakephp/Articles
Stack Trace:
#0 C:\wamp\www\cakephp\vendor\cakephp\cakephp\src\Error\BaseErrorHandler.php(90): Cake\Error\BaseErrorHandler->handleFatalError(1, 'Call to a membe...', 'C:\\wamp\\www\\cak...', 18)
#1 [internal function]: Cake\Error\BaseErrorHandler->Cake\Error\{closure}()
#2 {main}


2015-11-13 20:11:09 Error: Fatal Error (1): Call to a member function format() on a non-object in [C:\wamp\www\cakephp\src\Template\Articles\index.ctp, line 18]
Trace:
Cake\Error\BaseErrorHandler::handleFatalError() - CORE\src\Error\BaseErrorHandler.php, line 191
Cake\Error\BaseErrorHandler::Cake\Error\{closure}() - CORE\src\Error\BaseErrorHandler.php, line 90
[main] - [internal], line ??



2015-11-13 20:11:10 Error: [Cake\Error\FatalErrorException] Call to a member function format() on a non-object
Request URL: /cakephp/Articles/index
Stack Trace:
#0 C:\wamp\www\cakephp\vendor\cakephp\cakephp\src\Error\BaseErrorHandler.php(90): Cake\Error\BaseErrorHandler->handleFatalError(1, 'Call to a membe...', 'C:\\wamp\\www\\cak...', 18)
#1 [internal function]: Cake\Error\BaseErrorHandler->Cake\Error\{closure}()
#2 {main}


2015-11-30 00:41:31 Error: [Cake\Routing\Exception\MissingControllerException] Controller class Assignment3 could not be found.
Exception Attributes: array (
  'class' => 'Assignment3',
  'plugin' => NULL,
  'prefix' => NULL,
  '_ext' => NULL,
)
Request URL: /Assignment%203/assignment%203/
Stack Trace:
#0 C:\wamp\www\Assignment 3\webroot\index.php(37): Cake\Routing\Dispatcher->dispatch(Object(Cake\Network\Request), Object(Cake\Network\Response))
#1 {main}


2015-11-30 01:11:17 Error: [Cake\Routing\Exception\MissingControllerException] Controller class Assignment3 could not be found.
Exception Attributes: array (
  'class' => 'Assignment3',
  'plugin' => NULL,
  'prefix' => NULL,
  '_ext' => NULL,
)
Request URL: /Assignment%203/assignment%203/Articles
Stack Trace:
#0 C:\wamp\www\Assignment 3\webroot\index.php(37): Cake\Routing\Dispatcher->dispatch(Object(Cake\Network\Request), Object(Cake\Network\Response))
#1 {main}


2015-11-30 01:11:30 Error: [Cake\Routing\Exception\MissingControllerException] Controller class Assignment3 could not be found.
Exception Attributes: array (
  'class' => 'Assignment3',
  'plugin' => NULL,
  'prefix' => NULL,
  '_ext' => NULL,
)
Request URL: /Assignment%203/assignment%203/Articles/articles
Stack Trace:
#0 C:\wamp\www\Assignment 3\webroot\index.php(37): Cake\Routing\Dispatcher->dispatch(Object(Cake\Network\Request), Object(Cake\Network\Response))
#1 {main}


2015-11-30 01:11:38 Error: [Cake\Routing\Exception\MissingControllerException] Controller class Assignment3 could not be found.
Exception Attributes: array (
  'class' => 'Assignment3',
  'plugin' => NULL,
  'prefix' => NULL,
  '_ext' => NULL,
)
Request URL: /Assignment%203/assignment%203/Articles/index
Stack Trace:
#0 C:\wamp\www\Assignment 3\webroot\index.php(37): Cake\Routing\Dispatcher->dispatch(Object(Cake\Network\Request), Object(Cake\Network\Response))
#1 {main}


2015-11-30 01:11:44 Error: [Cake\Routing\Exception\MissingControllerException] Controller class Assignment3 could not be found.
Exception Attributes: array (
  'class' => 'Assignment3',
  'plugin' => NULL,
  'prefix' => NULL,
  '_ext' => NULL,
)
Request URL: /Assignment%203/assignment%203/articles/index
Stack Trace:
#0 C:\wamp\www\Assignment 3\webroot\index.php(37): Cake\Routing\Dispatcher->dispatch(Object(Cake\Network\Request), Object(Cake\Network\Response))
#1 {main}


2015-11-30 01:12:23 Error: [Cake\Routing\Exception\MissingControllerException] Controller class Assignment3 could not be found.
Exception Attributes: array (
  'class' => 'Assignment3',
  'plugin' => NULL,
  'prefix' => NULL,
  '_ext' => NULL,
)
Request URL: /Assignment%203/assignment%203/articles/index
Stack Trace:
#0 C:\wamp\www\Assignment 3\webroot\index.php(37): Cake\Routing\Dispatcher->dispatch(Object(Cake\Network\Request), Object(Cake\Network\Response))
#1 {main}


2015-11-30 20:26:55 Error: [Cake\Routing\Exception\MissingControllerException] Controller class Assignment3 could not be found.
Exception Attributes: array (
  'class' => 'Assignment3',
  'plugin' => NULL,
  'prefix' => NULL,
  '_ext' => NULL,
)
Request URL: /Assignment%203/assignment%203/
Stack Trace:
#0 C:\wamp\www\Assignment 3\webroot\index.php(37): Cake\Routing\Dispatcher->dispatch(Object(Cake\Network\Request), Object(Cake\Network\Response))
#1 {main}


2015-12-05 18:39:17 Error: [Cake\Datasource\Exception\InvalidPrimaryKeyException] Record not found in table "articles" with primary key [NULL]
Request URL: /articles/view
Stack Trace:
#0 C:\wamp\www\Assignment 3\src\Controller\ArticlesController.php(36): Cake\ORM\Table->get(NULL, Array)
#1 [internal function]: App\Controller\ArticlesController->view()
#2 C:\wamp\www\Assignment 3\vendor\cakephp\cakephp\src\Controller\Controller.php(429): call_user_func_array(Array, Array)
#3 C:\wamp\www\Assignment 3\vendor\cakephp\cakephp\src\Routing\Dispatcher.php(114): Cake\Controller\Controller->invokeAction()
#4 C:\wamp\www\Assignment 3\vendor\cakephp\cakephp\src\Routing\Dispatcher.php(87): Cake\Routing\Dispatcher->_invoke(Object(App\Controller\ArticlesController))
#5 C:\wamp\www\Assignment 3\webroot\index.php(37): Cake\Routing\Dispatcher->dispatch(Object(Cake\Network\Request), Object(Cake\Network\Response))
#6 {main}


2015-12-05 18:41:14 Error: [Cake\Datasource\Exception\InvalidPrimaryKeyException] Record not found in table "articles" with primary key [NULL]
Request URL: /articles/view
Stack Trace:
#0 C:\wamp\www\Assignment 3\src\Controller\ArticlesController.php(36): Cake\ORM\Table->get(NULL, Array)
#1 [internal function]: App\Controller\ArticlesController->view()
#2 C:\wamp\www\Assignment 3\vendor\cakephp\cakephp\src\Controller\Controller.php(429): call_user_func_array(Array, Array)
#3 C:\wamp\www\Assignment 3\vendor\cakephp\cakephp\src\Routing\Dispatcher.php(114): Cake\Controller\Controller->invokeAction()
#4 C:\wamp\www\Assignment 3\vendor\cakephp\cakephp\src\Routing\Dispatcher.php(87): Cake\Routing\Dispatcher->_invoke(Object(App\Controller\ArticlesController))
#5 C:\wamp\www\Assignment 3\webroot\index.php(37): Cake\Routing\Dispatcher->dispatch(Object(Cake\Network\Request), Object(Cake\Network\Response))
#6 {main}


